<?xml version="1.0" encoding="UTF-8"?>
<!-- Generated by org.testng.reporters.JUnitReportReporter -->
<testsuite hostname="fv-az1240-257" failures="0" tests="2" name="runner.TestRunner" time="7.039" errors="0" timestamp="2024-07-07T16:13:49 UTC" skipped="0">
  <testcase classname="runner.TestRunner" name="runScenario" time="4.056"/>
  <testcase classname="runner.TestRunner" name="runScenario" time="2.983"/>
</testsuite> <!-- runner.TestRunner -->
