<?xml version="1.0" encoding="UTF-8"?>
<!-- Generated by org.testng.reporters.JUnitReportReporter -->
<testsuite hostname="fv-az1780-198" failures="0" tests="4" name="runner.TestRunner" time="3.967" errors="0" timestamp="2024-07-08T16:33:09 UTC" skipped="0">
  <testcase classname="runner.TestRunner" name="runScenario" time="0.474"/>
  <testcase classname="runner.TestRunner" name="runScenario" time="2.498"/>
  <testcase classname="runner.TestRunner" name="runScenario" time="0.399"/>
  <testcase classname="runner.TestRunner" name="runScenario" time="0.596"/>
</testsuite> <!-- runner.TestRunner -->
