<?xml version="1.0" encoding="UTF-8"?>
<!-- Generated by org.testng.reporters.JUnitReportReporter -->
<testsuite hostname="fv-az1146-212" failures="0" tests="4" name="runner.TestRunner" time="4.542" errors="0" timestamp="2024-07-08T15:49:47 UTC" skipped="0">
  <testcase classname="runner.TestRunner" name="runScenario" time="0.545"/>
  <testcase classname="runner.TestRunner" name="runScenario" time="2.296"/>
  <testcase classname="runner.TestRunner" name="runScenario" time="1.098"/>
  <testcase classname="runner.TestRunner" name="runScenario" time="0.603"/>
</testsuite> <!-- runner.TestRunner -->
